2025-12-23 15:45:06 [main] WARN  com.benny.icalculation.application.Caching.FileCacheService - URL not provided
2025-12-23 15:46:53 [main] WARN  com.benny.icalculation.application.Caching.FileCacheService - URL not provided
2025-12-23 15:48:14 [main] INFO  com.benny.icalculation.application.FileDownloader - Fetching data from url: https://srh-community.campusweb.cloud/en/mein-studium/mein-stundenplan/ical_studierende.php?action=ical&token=9789a805ce1b0b11f67d3a29ace2f6bc5abf636b
2025-12-23 16:48:41 [main] ERROR com.benny.icalculation.application.ArgumentParsing - Unrecognized option: --enable-native-access=ALL-UNNAMED
2025-12-23 16:48:41 [main] INFO  com.benny.icalculation.application.FileDownloader - Fetching data from url: https://srh-community.campusweb.cloud/en/mein-studium/mein-stundenplan/ical_studierende.php?action=ical&token=9789a805ce1b0b11f67d3a29ace2f6bc5abf636b
2025-12-23 17:09:30 [main] INFO  com.benny.icalculation.application.FileDownloader - Fetching data from url: about:blank
2025-12-23 17:09:52 [main] INFO  com.benny.icalculation.application.FileDownloader - Fetching data from url: about:blank
2025-12-23 17:10:17 [main] INFO  com.benny.icalculation.application.FileDownloader - Fetching data from url: about:blank
2025-12-23 17:10:53 [main] INFO  com.benny.icalculation.application.FileDownloader - Fetching data from url: about:blank
2025-12-23 22:29:02 [main] INFO  com.benny.icalculation.application.FileDownloader - Fetching data from url: about:blank
2025-12-23 22:32:17 [main] INFO  com.benny.icalculation.application.FileDownloader - Fetching data from url: about:blank
2025-12-24 13:48:53 [main] INFO  com.benny.icalculation.application.FileDownloader - Fetching data from url: https://srh-community.campusweb.cloud/en/mein-studium/mein-stundenplan/ical_studierende.php?action=ical&token=9789a805ce1b0b11f67d3a29ace2f6bc5abf636b
2025-12-24 13:50:12 [main] INFO  com.benny.icalculation.application.TxtWriter - Written output to file out.txt
2025-12-24 13:50:19 [main] INFO  com.benny.icalculation.application.TxtWriter - Written output to file out.txt
2025-12-24 13:50:28 [main] INFO  com.benny.icalculation.application.TxtWriter - Written output to file out.txt
2025-12-24 13:50:44 [main] INFO  com.benny.icalculation.application.TxtWriter - Written output to file out.txt
2025-12-24 14:00:50 [main] INFO  com.benny.icalculation.application.TxtWriter - Written output to file out.txt
2025-12-24 14:01:08 [main] INFO  com.benny.icalculation.application.TxtWriter - Written output to file out.txt
2025-12-24 14:04:43 [main] INFO  com.benny.icalculation.application.TxtWriter - Written output to file out.txt
2025-12-24 14:26:49 [main] INFO  com.benny.icalculation.application.TxtWriter - Written output to file out.txt
2025-12-24 14:29:16 [main] INFO  com.benny.icalculation.application.TxtWriter - Written output to file out.txt
2025-12-25 15:32:34 [main] INFO  com.benny.icalculation.application.MainClass - hi
2025-12-25 15:36:47 [main] INFO  com.benny.icalculation.application.MainClass - hi
